c:\users\stefana\source\repos\lab9oop\debug\vc142.pdb
c:\users\stefana\source\repos\lab9oop\debug\vc142.idb
c:\users\stefana\source\repos\lab9oop\debug\teste.obj
c:\users\stefana\source\repos\lab9oop\debug\service.obj
c:\users\stefana\source\repos\lab9oop\debug\repo.obj
c:\users\stefana\source\repos\lab9oop\debug\produs.obj
c:\users\stefana\source\repos\lab9oop\debug\main.obj
c:\users\stefana\source\repos\lab9oop\debug\ui.obj
c:\users\stefana\source\repos\lab9oop\debug\money.obj
c:\users\stefana\source\repos\lab9oop\debug\repofile.obj
c:\users\stefana\source\repos\lab9oop\debug\lab9oop.exe
c:\users\stefana\source\repos\lab9oop\debug\lab9oop.ilk
c:\users\stefana\source\repos\lab9oop\debug\lab9oop.pdb
c:\users\stefana\source\repos\lab9oop\debug\main.obj.enc
c:\users\stefana\source\repos\lab9oop\debug\repo.obj.enc
c:\users\stefana\source\repos\lab9oop\debug\teste.obj.enc
c:\users\stefana\source\repos\lab9oop\debug\ui.obj.enc
c:\users\stefana\source\repos\lab9oop\debug\lab9oop.tlog\cl.command.1.tlog
c:\users\stefana\source\repos\lab9oop\debug\lab9oop.tlog\cl.read.1.tlog
c:\users\stefana\source\repos\lab9oop\debug\lab9oop.tlog\cl.write.1.tlog
c:\users\stefana\source\repos\lab9oop\debug\lab9oop.tlog\link.command.1.tlog
c:\users\stefana\source\repos\lab9oop\debug\lab9oop.tlog\link.read.1.tlog
c:\users\stefana\source\repos\lab9oop\debug\lab9oop.tlog\link.write.1.tlog
